<?xml version="1.0" encoding="UTF-8"?>
<!-- Generated by org.testng.reporters.JUnitXMLReporter -->
<testsuite ignored="0" hostname="LIN59018729" failures="0" tests="3" name="Default test" time="17.142" errors="0" timestamp="2026-02-03T12:02:38 IST">
  <testcase classname="tutorialNinja.Register.TC_RF_015" name="verifyRegisteringWithDifferentTestEnvironments" time="1.673"/>
  <testcase classname="tutorialNinja.Register.TC_RF_015" name="verifyRegisteringWithDifferentTestEnvironments" time="1.353"/>
  <testcase classname="tutorialNinja.Register.TC_RF_015" name="verifyRegisteringWithDifferentTestEnvironments" time="1.282"/>
</testsuite> <!-- Default test -->
