<?xml version="1.0" encoding="UTF-8"?>
<!-- Generated by org.testng.reporters.JUnitXMLReporter -->
<testsuite ignored="0" hostname="LIN59018729" failures="0" tests="3" name="Default test" time="22.021" errors="0" timestamp="2026-01-29T15:05:33 IST">
  <testcase classname="tutorialNinja.Register.TC_RF_015" name="verifyRegisteringWithDifferentTestEnvironments" time="6.532"/>
  <testcase classname="tutorialNinja.Register.TC_RF_015" name="verifyRegisteringWithDifferentTestEnvironments" time="9.308"/>
  <testcase classname="tutorialNinja.Register.TC_RF_015" name="verifyRegisteringWithDifferentTestEnvironments" time="6.133"/>
</testsuite> <!-- Default test -->
