<?xml version="1.0" encoding="UTF-8"?>
<!-- Generated by org.testng.reporters.JUnitXMLReporter -->
<testsuite ignored="12" hostname="LIN59018729" failures="1" tests="1" name="Default test" time="16.125" errors="0" timestamp="2026-02-05T23:27:59 IST">
  <testcase classname="tutorialNinja.Tests.Login" name="verifyloggingAfterPasswordChange" time="4.581">
    <failure type="org.openqa.selenium.NoSuchElementException" message="no such element: Unable to locate element: {&amp;quot;method&amp;quot;:&amp;quot;xpath&amp;quot;,&amp;quot;selector&amp;quot;:&amp;quot;//a[text()=&amp;apos;Change your password&amp;apos;]&amp;quot;}
  (Session info: chrome=144.0.7559.97)
For documentation on this error, please visit: https://www.selenium.dev/documentation/webdriver/troubleshooting/errors#nosuchelementexception
Build info: version: &amp;apos;4.39.0&amp;apos;, revision: &amp;apos;126f156aee&amp;apos;
System info: os.name: &amp;apos;Windows 11&amp;apos;, os.arch: &amp;apos;amd64&amp;apos;, os.version: &amp;apos;10.0&amp;apos;, java.version: &amp;apos;21.0.8&amp;apos;
Driver info: org.openqa.selenium.chrome.ChromeDriver
Command: [e7d77e04b5bb3e2f8afeb9865ebc9c62, findElement {value=//a[text()=&amp;apos;Change your password&amp;apos;], using=xpath}]
Capabilities {acceptInsecureCerts: false, browserName: chrome, browserVersion: 144.0.7559.97, chrome: {chromedriverVersion: 144.0.7559.133 (7da823b1d59..., userDataDir: C:\Users\GAHASSAN\AppData\L...}, fedcm:accounts: true, goog:chromeOptions: {debuggerAddress: localhost:64880}, goog:processID: 27240, networkConnectionEnabled: false, pageLoadStrategy: normal, platformName: windows, proxy: Proxy(), se:cdp: ws://localhost:64880/devtoo..., se:cdpVersion: 144.0.7559.97, setWindowRect: true, strictFileInteractability: false, timeouts: {implicit: 0, pageLoad: 300000, script: 30000}, unhandledPromptBehavior: dismiss and notify, webauthn:extension:credBlob: true, webauthn:extension:largeBlob: true, webauthn:extension:minPinLength: true, webauthn:extension:prf: true, webauthn:virtualAuthenticators: true}
Session ID: e7d77e04b5bb3e2f8afeb9865ebc9c62">
      <![CDATA[org.openqa.selenium.NoSuchElementException: no such element: Unable to locate element: {"method":"xpath","selector":"//a[text()='Change your password']"}
  (Session info: chrome=144.0.7559.97)
For documentation on this error, please visit: https://www.selenium.dev/documentation/webdriver/troubleshooting/errors#nosuchelementexception
Build info: version: '4.39.0', revision: '126f156aee'
System info: os.name: 'Windows 11', os.arch: 'amd64', os.version: '10.0', java.version: '21.0.8'
Driver info: org.openqa.selenium.chrome.ChromeDriver
Command: [e7d77e04b5bb3e2f8afeb9865ebc9c62, findElement {value=//a[text()='Change your password'], using=xpath}]
Capabilities {acceptInsecureCerts: false, browserName: chrome, browserVersion: 144.0.7559.97, chrome: {chromedriverVersion: 144.0.7559.133 (7da823b1d59..., userDataDir: C:\Users\GAHASSAN\AppData\L...}, fedcm:accounts: true, goog:chromeOptions: {debuggerAddress: localhost:64880}, goog:processID: 27240, networkConnectionEnabled: false, pageLoadStrategy: normal, platformName: windows, proxy: Proxy(), se:cdp: ws://localhost:64880/devtoo..., se:cdpVersion: 144.0.7559.97, setWindowRect: true, strictFileInteractability: false, timeouts: {implicit: 0, pageLoad: 300000, script: 30000}, unhandledPromptBehavior: dismiss and notify, webauthn:extension:credBlob: true, webauthn:extension:largeBlob: true, webauthn:extension:minPinLength: true, webauthn:extension:prf: true, webauthn:virtualAuthenticators: true}
Session ID: e7d77e04b5bb3e2f8afeb9865ebc9c62
at java.base/jdk.internal.reflect.DirectConstructorHandleAccessor.newInstance(DirectConstructorHandleAccessor.java:62)
at java.base/java.lang.reflect.Constructor.newInstanceWithCaller(Constructor.java:502)
at java.base/java.lang.reflect.Constructor.newInstance(Constructor.java:486)
at org.openqa.selenium.remote.ErrorCodec.decode(ErrorCodec.java:167)
at org.openqa.selenium.remote.codec.w3c.W3CHttpResponseCodec.decode(W3CHttpResponseCodec.java:142)
at org.openqa.selenium.remote.codec.w3c.W3CHttpResponseCodec.decode(W3CHttpResponseCodec.java:49)
at org.openqa.selenium.remote.HttpCommandExecutor.execute(HttpCommandExecutor.java:215)
at org.openqa.selenium.remote.service.DriverCommandExecutor.invokeExecute(DriverCommandExecutor.java:216)
at org.openqa.selenium.remote.service.DriverCommandExecutor.execute(DriverCommandExecutor.java:174)
at org.openqa.selenium.remote.RemoteWebDriver.execute(RemoteWebDriver.java:561)
at org.openqa.selenium.remote.ElementLocation$ElementFinder$2.findElement(ElementLocation.java:166)
at org.openqa.selenium.remote.ElementLocation.findElement(ElementLocation.java:60)
at org.openqa.selenium.remote.RemoteWebDriver.findElement(RemoteWebDriver.java:384)
at org.openqa.selenium.remote.RemoteWebDriver.findElement(RemoteWebDriver.java:378)
at org.openqa.selenium.support.pagefactory.DefaultElementLocator.findElement(DefaultElementLocator.java:68)
at org.openqa.selenium.support.pagefactory.internal.LocatingElementHandler.invoke(LocatingElementHandler.java:38)
at jdk.proxy2/jdk.proxy2.$Proxy12.click(Unknown Source)
at pages.AccountPage.isUserChangePassword(AccountPage.java:61)
at tutorialNinja.Tests.Login.verifyloggingAfterPasswordChange(Login.java:210)
at java.base/jdk.internal.reflect.DirectMethodHandleAccessor.invoke(DirectMethodHandleAccessor.java:103)
at java.base/java.lang.reflect.Method.invoke(Method.java:580)
at org.testng.internal.invokers.MethodInvocationHelper.invokeMethod(MethodInvocationHelper.java:141)
at org.testng.internal.invokers.TestInvoker.invokeMethod(TestInvoker.java:686)
at org.testng.internal.invokers.TestInvoker.invokeTestMethod(TestInvoker.java:230)
at org.testng.internal.invokers.MethodRunner.runInSequence(MethodRunner.java:63)
at org.testng.internal.invokers.TestInvoker$MethodInvocationAgent.invoke(TestInvoker.java:992)
at org.testng.internal.invokers.TestInvoker.invokeTestMethods(TestInvoker.java:203)
at org.testng.internal.invokers.TestMethodWorker.invokeTestMethods(TestMethodWorker.java:154)
at org.testng.internal.invokers.TestMethodWorker.run(TestMethodWorker.java:134)
at java.base/java.util.ArrayList.forEach(ArrayList.java:1596)
at org.testng.TestRunner.privateRun(TestRunner.java:739)
at org.testng.TestRunner.run(TestRunner.java:614)
at org.testng.SuiteRunner.runTest(SuiteRunner.java:421)
at org.testng.SuiteRunner.runSequentially(SuiteRunner.java:413)
at org.testng.SuiteRunner.privateRun(SuiteRunner.java:373)
at org.testng.SuiteRunner.run(SuiteRunner.java:312)
at org.testng.SuiteRunnerWorker.runSuite(SuiteRunnerWorker.java:52)
at org.testng.SuiteRunnerWorker.run(SuiteRunnerWorker.java:95)
at org.testng.TestNG.runSuitesSequentially(TestNG.java:1274)
at org.testng.TestNG.runSuitesLocally(TestNG.java:1208)
at org.testng.TestNG.runSuites(TestNG.java:1112)
at org.testng.TestNG.run(TestNG.java:1079)
at org.testng.remote.AbstractRemoteTestNG.run(AbstractRemoteTestNG.java:115)
at org.testng.remote.RemoteTestNG.initAndRun(RemoteTestNG.java:293)
at org.testng.remote.RemoteTestNG.main(RemoteTestNG.java:91)
]]>
    </failure>
  </testcase> <!-- verifyloggingAfterPasswordChange -->
  <testcase classname="tutorialNinja.Tests.Login" name="verifyloginMaxLimitTryLogging" time="0.0">
    <ignored/>
  </testcase> <!-- verifyloginMaxLimitTryLogging -->
  <testcase classname="tutorialNinja.Tests.Login" name="verifyLoginwithUsingTab" time="0.0">
    <ignored/>
  </testcase> <!-- verifyLoginwithUsingTab -->
  <testcase classname="tutorialNinja.Tests.Login" name="verifyCopyingofTextEnteredIntoPasswordField" time="0.0">
    <ignored/>
  </testcase> <!-- verifyCopyingofTextEnteredIntoPasswordField -->
  <testcase classname="tutorialNinja.Tests.Login" name="verifyloginWithInValidCredentials" time="0.0">
    <ignored/>
  </testcase> <!-- verifyloginWithInValidCredentials -->
  <testcase classname="tutorialNinja.Tests.Login" name="verifyloginWithInValidEmailAndvalidPassword" time="0.0">
    <ignored/>
  </testcase> <!-- verifyloginWithInValidEmailAndvalidPassword -->
  <testcase classname="tutorialNinja.Tests.Login" name="verifyloginFieldPlaceholder" time="0.0">
    <ignored/>
  </testcase> <!-- verifyloginFieldPlaceholder -->
  <testcase classname="tutorialNinja.Tests.Login" name="verifyloginBrwoserbackButton" time="0.0">
    <ignored/>
  </testcase> <!-- verifyloginBrwoserbackButton -->
  <testcase classname="tutorialNinja.Tests.Login" name="verifylogingoutAndBrwoserbackButton" time="0.0">
    <ignored/>
  </testcase> <!-- verifylogingoutAndBrwoserbackButton -->
  <testcase classname="tutorialNinja.Tests.Login" name="verifyloginWithIValidEmailInvalidPassword" time="0.0">
    <ignored/>
  </testcase> <!-- verifyloginWithIValidEmailInvalidPassword -->
  <testcase classname="tutorialNinja.Tests.Login" name="verifyloginWithoutAnyCredentials" time="0.0">
    <ignored/>
  </testcase> <!-- verifyloginWithoutAnyCredentials -->
  <testcase classname="tutorialNinja.Tests.Login" name="verifyForgotttenPasswordlink" time="0.0">
    <ignored/>
  </testcase> <!-- verifyForgotttenPasswordlink -->
  <testcase classname="tutorialNinja.Tests.Login" name="verifyloginWithValidCredentials" time="0.0">
    <ignored/>
  </testcase> <!-- verifyloginWithValidCredentials -->
</testsuite> <!-- Default test -->
