<?xml version="1.0" encoding="UTF-8"?>
<!-- Generated by org.testng.reporters.JUnitXMLReporter -->
<testsuite ignored="0" hostname="DESKTOP-79N3A6J" failures="1" tests="16" name="Test" time="80.713" errors="0" timestamp="2026-01-30T11:45:02 IST">
  <testcase classname="tutorialNinja.Register.TC_RF_001" name="verifyRegisteringWithMandatoryFields" time="1.611"/>
  <testcase classname="tutorialNinja.Register.TC_RF_003" name="verifyRegisteringWithAllFields" time="2.113"/>
  <testcase classname="tutorialNinja.Register.TC_RF_004" name="verifyRegisteringWithoutAnyFields" time="0.631"/>
  <testcase classname="tutorialNinja.Register.TC_RF_005" name="verifyRegisteringAccountYesNewsLetterSelected" time="2.095"/>
  <testcase classname="tutorialNinja.Register.TC_RF_006" name="verifyRegisteringAccountNoNewsLetterSelected" time="2.545"/>
  <testcase classname="tutorialNinja.Register.TC_RF_007" name="verifyNavigatingToRegisterAccountinMultipleWays" time="1.178"/>
  <testcase classname="tutorialNinja.Register.TC_RF_008" name="verifyRegisteringAccountToMisMatchPassword" time="1.172"/>
  <testcase classname="tutorialNinja.Register.TC_RF__009" name="verifyRegisteringAccountProvidingtheExistingEmail" time="1.204"/>
  <testcase classname="tutorialNinja.Register.TC_RF_010" name="verifyRegisteringAccountWithInvalidEmail" time="4.384">
    <failure type="java.lang.AssertionError" message="expected [false] but found [true]">
      <![CDATA[java.lang.AssertionError: expected [false] but found [true]
at tutorialNinja.Register.TC_RF_010.verifyRegisteringAccountWithInvalidEmail(TC_RF_010.java:57)
at java.base/java.util.ArrayList.forEach(ArrayList.java:1511)
... Removed 31 stack frames]]>
    </failure>
  </testcase> <!-- verifyRegisteringAccountWithInvalidEmail -->
  <testcase classname="tutorialNinja.Register.TC_RF_011" name="verifyRegisteringAccountInvalidMobileNumber" time="1.008"/>
  <testcase classname="tutorialNinja.Register.TC_RF_012" name="verifyRegisteringAccountUsingKeyboarkey" time="17.577"/>
  <testcase classname="tutorialNinja.Register.TC_RF_013" name="verifyPlaceHoldersOfTextFieldsInRegisterPage" time="0.057"/>
  <testcase classname="tutorialNinja.Register.TC_RF_014" name="verifyRegisteringWithMandatoryFieldsSymbolAndColorInRegisterPage" time="0.027"/>
  <testcase classname="tutorialNinja.Register.TC_RF_015" name="verifyRegisteringWithDifferentTestEnvironments" time="1.638"/>
  <testcase classname="tutorialNinja.Register.TC_RF_015" name="verifyRegisteringWithDifferentTestEnvironments" time="1.465"/>
  <testcase classname="tutorialNinja.Register.TC_RF_015" name="verifyRegisteringWithDifferentTestEnvironments" time="1.507"/>
</testsuite> <!-- Test -->
