<?xml version="1.0" encoding="UTF-8"?>
<!-- Generated by org.testng.reporters.JUnitXMLReporter -->
<testsuite ignored="0" hostname="LIN59018729" failures="1" tests="16" name="Test" time="139.788" errors="0" timestamp="2026-02-03T12:20:15 IST">
  <testcase classname="tutorialNinja.Register.TC_RF_001" name="verifyRegisteringWithMandatoryFields" time="3.008"/>
  <testcase classname="tutorialNinja.Register.TC_RF_003" name="verifyRegisteringWithAllFields" time="2.505"/>
  <testcase classname="tutorialNinja.Register.TC_RF_004" name="verifyRegisteringWithoutAnyFields" time="1.222"/>
  <testcase classname="tutorialNinja.Register.TC_RF_005" name="verifyRegisteringAccountYesNewsLetterSelected" time="3.026"/>
  <testcase classname="tutorialNinja.Register.TC_RF_006" name="verifyRegisteringAccountNoNewsLetterSelected" time="3.336"/>
  <testcase classname="tutorialNinja.Register.TC_RF_007" name="verifyNavigatingToRegisterAccountinMultipleWays" time="2.356"/>
  <testcase classname="tutorialNinja.Register.TC_RF_008" name="verifyRegisteringAccountToMisMatchPassword" time="2.419"/>
  <testcase classname="tutorialNinja.Register.TC_RF_009" name="verifyRegisteringAccountProvidingtheExistingEmail" time="1.732"/>
  <testcase classname="tutorialNinja.Register.TC_RF_010" name="verifyRegisteringAccountWithInvalidEmail" time="2.986">
    <failure type="java.lang.AssertionError" message="expected [false] but found [true]">
      <![CDATA[java.lang.AssertionError: expected [false] but found [true]
at tutorialNinja.Register.TC_RF_010.verifyRegisteringAccountWithInvalidEmail(TC_RF_010.java:60)
at java.base/java.util.ArrayList.forEach(ArrayList.java:1596)
... Removed 29 stack frames]]>
    </failure>
  </testcase> <!-- verifyRegisteringAccountWithInvalidEmail -->
  <testcase classname="tutorialNinja.Register.TC_RF_011" name="verifyRegisteringAccountInvalidMobileNumber" time="2.032"/>
  <testcase classname="tutorialNinja.Register.TC_RF_012" name="verifyRegisteringAccountUsingKeyboarkey" time="17.918"/>
  <testcase classname="tutorialNinja.Register.TC_RF_013" name="verifyPlaceHoldersOfTextFieldsInRegisterPage" time="0.069"/>
  <testcase classname="tutorialNinja.Register.TC_RF_014" name="verifyRegisteringWithMandatoryFieldsSymbolAndColorInRegisterPage" time="0.067"/>
  <testcase classname="tutorialNinja.Register.TC_RF_015" name="verifyRegisteringWithDifferentTestEnvironments" time="1.861"/>
  <testcase classname="tutorialNinja.Register.TC_RF_015" name="verifyRegisteringWithDifferentTestEnvironments" time="2.594"/>
  <testcase classname="tutorialNinja.Register.TC_RF_015" name="verifyRegisteringWithDifferentTestEnvironments" time="1.882"/>
</testsuite> <!-- Test -->
