<?xml version="1.0" encoding="UTF-8"?>
<testng-results ignored="0" total="1" passed="1" failed="0" skipped="0">
  <reporter-output>
  </reporter-output>
  <suite started-at="2026-01-27T11:07:37 IST" name="Default suite" finished-at="2026-01-27T11:07:48 IST" duration-ms="10751">
    <groups>
    </groups>
    <test started-at="2026-01-27T11:07:37 IST" name="Default test" finished-at="2026-01-27T11:07:48 IST" duration-ms="10751">
      <class name="tutorialNinja.Register.TC_RF_007">
        <test-method signature="verifyNavigatingToRegisterAccountinMultipleWays()[pri:0, instance:tutorialNinja.Register.TC_RF_007@6069db50]" started-at="2026-01-27T11:07:37 IST" name="verifyNavigatingToRegisterAccountinMultipleWays" finished-at="2026-01-27T11:07:48 IST" duration-ms="10689" status="PASS">
          <reporter-output>
          </reporter-output>
        </test-method> <!-- verifyNavigatingToRegisterAccountinMultipleWays -->
      </class> <!-- tutorialNinja.Register.TC_RF_007 -->
    </test> <!-- Default test -->
  </suite> <!-- Default suite -->
</testng-results>
