<?xml version="1.0" encoding="UTF-8"?>
<!-- Generated by org.testng.reporters.JUnitReportReporter -->
<testsuite hostname="LIN59018729" failures="0" tests="3" name="tutorialNinja.Register.TC_RF_015" time="24.442" errors="0" timestamp="2026-01-29T20:21:41 IST" skipped="0">
  <testcase classname="tutorialNinja.Register.TC_RF_015" name="verifyRegisteringWithDifferentTestEnvironments" time="9.031"/>
  <testcase classname="tutorialNinja.Register.TC_RF_015" name="verifyRegisteringWithDifferentTestEnvironments" time="7.195"/>
  <testcase classname="tutorialNinja.Register.TC_RF_015" name="verifyRegisteringWithDifferentTestEnvironments" time="8.216"/>
</testsuite> <!-- tutorialNinja.Register.TC_RF_015 -->
