<?xml version="1.0" encoding="UTF-8"?>
<!-- Generated by org.testng.reporters.JUnitReportReporter -->
<testsuite hostname="LIN59018729" failures="0" tests="3" name="tutorialNinja.Register.TC_RF_015" time="20.942" errors="0" timestamp="2026-01-30T00:03:42 IST" skipped="0">
  <testcase classname="tutorialNinja.Register.TC_RF_015" name="verifyRegisteringWithDifferentTestEnvironments" time="7.209"/>
  <testcase classname="tutorialNinja.Register.TC_RF_015" name="verifyRegisteringWithDifferentTestEnvironments" time="6.934"/>
  <testcase classname="tutorialNinja.Register.TC_RF_015" name="verifyRegisteringWithDifferentTestEnvironments" time="6.799"/>
</testsuite> <!-- tutorialNinja.Register.TC_RF_015 -->
